<?xml version="1.0" encoding="UTF-8"?>
<!-- Generated by org.testng.reporters.JUnitReportReporter -->
<testsuite skipped="0" hostname="LAPTOP-PATGFM90" name="com.keyword.Tests" tests="1" failures="0" timestamp="01 Jun 2020 09:38:02 GMT" time="0.007" errors="0">
  <testcase name="testcase" time="0.007" classname="com.keyword.Tests"/>
</testsuite> <!-- com.keyword.Tests -->
